<?xml version="1.0" encoding="UTF-8"?>
<testsuite name="util.StoreKeySecretTest" tests="8" skipped="0" failures="0" errors="0" timestamp="2022-07-10T04:02:40" hostname="PIDMUMWSPF1Q8JP" time="0.029">
  <properties/>
  <testcase name="Get secret value for the key" classname="util.StoreKeySecretTest" time="0.019"/>
  <testcase name="In case sensitive key scenario" classname="util.StoreKeySecretTest" time="0.001"/>
  <testcase name="Key is &gt;= 20 IllegalArgument exception" classname="util.StoreKeySecretTest" time="0.001"/>
  <testcase name="Key not found exeption scenario" classname="util.StoreKeySecretTest" time="0.001"/>
  <testcase name="Random key generate test case" classname="util.StoreKeySecretTest" time="0.001"/>
  <testcase name="Successful store of secret and value" classname="util.StoreKeySecretTest" time="0.0"/>
  <testcase name="In case sensitive key scenario" classname="util.StoreKeySecretTest" time="0.001"/>
  <testcase name="Random key generate test case" classname="util.StoreKeySecretTest" time="0.001"/>
  <system-out><![CDATA[]]></system-out>
  <system-err><![CDATA[]]></system-err>
</testsuite>
